<?xml version="1.0" encoding="UTF-8"?>
<testsuite name="Consultar facturas del cliente en el aplicativo Panel Cliente" tests="1" skipped="0" failures="1" errors="0" timestamp="2022-04-04T16:35:38" hostname="DIBOG-AGROGER" time="50.206">
  <properties/>
  <testcase name="Consultar facturas del cliente" classname="Consultar facturas del cliente en el aplicativo Panel Cliente" time="50.206">
    <failure message="org.openqa.selenium.NoSuchElementException: no such element: Unable to locate element: {&quot;method&quot;:&quot;css selector&quot;,&quot;selector&quot;:&quot;#mat\-tab\-label\-0\-2&quot;}&#10;  (Session info: chrome=99.0.4844.84)&#10;For documentation on this error, please visit: https://www.seleniumhq.org/exceptions/no_such_element.html&#10;Build info: version: '3.141.59', revision: 'e82be7d358', time: '2018-11-14T08:17:03'&#10;System info: host: 'DIBOG-AGROGER', ip: '192.169.25.17', os.name: 'Windows 10', os.arch: 'amd64', os.version: '10.0', java.version: '11.0.13'&#10;Driver info: org.openqa.selenium.chrome.ChromeDriver&#10;Capabilities {acceptInsecureCerts: false, browserName: chrome, browserVersion: 99.0.4844.84, chrome: {chromedriverVersion: 99.0.4844.51 (d537ec02474b5..., userDataDir: C:\Users\80817985\AppData\L...}, goog:chromeOptions: {debuggerAddress: localhost:54041}, javascriptEnabled: true, networkConnectionEnabled: false, pageLoadStrategy: normal, platform: WINDOWS, platformName: WINDOWS, proxy: Proxy(), setWindowRect: true, strictFileInteractability: false, timeouts: {implicit: 0, pageLoad: 300000, script: 30000}, unhandledPromptBehavior: dismiss and notify, webauthn:extension:credBlob: true, webauthn:extension:largeBlob: true, webauthn:virtualAuthenticators: true}&#10;Session ID: 4cabb0c678d782baba43bcdc6ba546cc&#10;*** Element info: {Using=id, value=mat-tab-label-0-2}" type="org.openqa.selenium.NoSuchElementException">org.openqa.selenium.NoSuchElementException: no such element: Unable to locate element: {&quot;method&quot;:&quot;css selector&quot;,&quot;selector&quot;:&quot;#mat\-tab\-label\-0\-2&quot;}
  (Session info: chrome=99.0.4844.84)
For documentation on this error, please visit: https://www.seleniumhq.org/exceptions/no_such_element.html
Build info: version: '3.141.59', revision: 'e82be7d358', time: '2018-11-14T08:17:03'
System info: host: 'DIBOG-AGROGER', ip: '192.169.25.17', os.name: 'Windows 10', os.arch: 'amd64', os.version: '10.0', java.version: '11.0.13'
Driver info: org.openqa.selenium.chrome.ChromeDriver
Capabilities {acceptInsecureCerts: false, browserName: chrome, browserVersion: 99.0.4844.84, chrome: {chromedriverVersion: 99.0.4844.51 (d537ec02474b5..., userDataDir: C:\Users\80817985\AppData\L...}, goog:chromeOptions: {debuggerAddress: localhost:54041}, javascriptEnabled: true, networkConnectionEnabled: false, pageLoadStrategy: normal, platform: WINDOWS, platformName: WINDOWS, proxy: Proxy(), setWindowRect: true, strictFileInteractability: false, timeouts: {implicit: 0, pageLoad: 300000, script: 30000}, unhandledPromptBehavior: dismiss and notify, webauthn:extension:credBlob: true, webauthn:extension:largeBlob: true, webauthn:virtualAuthenticators: true}
Session ID: 4cabb0c678d782baba43bcdc6ba546cc
*** Element info: {Using=id, value=mat-tab-label-0-2}
	at java.base@11.0.13/jdk.internal.reflect.NativeConstructorAccessorImpl.newInstance0(Native Method)
	at java.base@11.0.13/jdk.internal.reflect.NativeConstructorAccessorImpl.newInstance(NativeConstructorAccessorImpl.java:62)
	at java.base@11.0.13/jdk.internal.reflect.DelegatingConstructorAccessorImpl.newInstance(DelegatingConstructorAccessorImpl.java:45)
	at java.base@11.0.13/java.lang.reflect.Constructor.newInstance(Constructor.java:490)
	at app//org.openqa.selenium.remote.http.W3CHttpResponseCodec.createException(W3CHttpResponseCodec.java:187)
	at app//org.openqa.selenium.remote.http.W3CHttpResponseCodec.decode(W3CHttpResponseCodec.java:122)
	at app//org.openqa.selenium.remote.http.W3CHttpResponseCodec.decode(W3CHttpResponseCodec.java:49)
	at app//org.openqa.selenium.remote.HttpCommandExecutor.execute(HttpCommandExecutor.java:158)
	at app//org.openqa.selenium.remote.service.DriverCommandExecutor.execute(DriverCommandExecutor.java:83)
	at app//org.openqa.selenium.remote.RemoteWebDriver.execute(RemoteWebDriver.java:552)
	at app//org.openqa.selenium.remote.RemoteWebDriver.findElement(RemoteWebDriver.java:323)
	at app//org.openqa.selenium.remote.RemoteWebDriver.findElementById(RemoteWebDriver.java:372)
	at app//org.openqa.selenium.By$ById.findElement(By.java:188)
	at app//org.openqa.selenium.remote.RemoteWebDriver.findElement(RemoteWebDriver.java:315)
	at app//net.thucydides.core.webdriver.WebDriverFacade.findElement(WebDriverFacade.java:222)
	at app//page.ConsultaCliente.vistaDatosCliente(ConsultaCliente.java:63)
	at app//step.ConsultaClienteSteps.verDatosCliente(ConsultaClienteSteps.java:60)
	at app//step.ConsultaClienteSteps$$EnhancerByCGLIB$$e9b7f3b0.CGLIB$verDatosCliente$10(&lt;generated&gt;)
	at app//step.ConsultaClienteSteps$$EnhancerByCGLIB$$e9b7f3b0$$FastClassByCGLIB$$66c2f5c6.invoke(&lt;generated&gt;)
	at app//net.sf.cglib.proxy.MethodProxy.invokeSuper(MethodProxy.java:228)
	at app//net.thucydides.core.steps.StepInterceptor.invokeMethod(StepInterceptor.java:460)
	at app//net.thucydides.core.steps.StepInterceptor.executeTestStepMethod(StepInterceptor.java:445)
	at app//net.thucydides.core.steps.StepInterceptor.runTestStep(StepInterceptor.java:420)
	at app//net.thucydides.core.steps.StepInterceptor.runOrSkipMethod(StepInterceptor.java:175)
	at app//net.thucydides.core.steps.StepInterceptor.testStepResult(StepInterceptor.java:162)
	at app//net.thucydides.core.steps.StepInterceptor.intercept(StepInterceptor.java:68)
	at app//step.ConsultaClienteSteps$$EnhancerByCGLIB$$e9b7f3b0.verDatosCliente(&lt;generated&gt;)
	at app//stepdefinitions.ConsultaClienteStepDefinitions.se_visualizan_los_datos_del_cliente(ConsultaClienteStepDefinitions.java:41)
	at ✽.Se visualizan los datos del cliente(src/test/resources/features/consultacliente.feature:11)
</failure>
  </testcase>
  <system-out><![CDATA[]]></system-out>
  <system-err><![CDATA[abr. 04, 2022 11:35:39 A. M. org.openqa.selenium.remote.DesiredCapabilities chrome
INFO: Using `new ChromeOptions()` is preferred to `DesiredCapabilities.chrome()`
[Test worker] INFO net.serenitybdd.core.webdriver.driverproviders.ProvideNewDriver - Instantiating driver
[Test worker] INFO net.serenitybdd.core.webdriver.driverproviders.ProvideNewDriver - Driver capabilities: Capabilities {acceptInsecureCerts: false, browserName: chrome, chrome.switches: --start-maximized, goog:chromeOptions: {args: [--start-maximized], extensions: []}, loggingPrefs: org.openqa.selenium.logging..., platform: ANY, version: }
Starting ChromeDriver 99.0.4844.51 (d537ec02474b5afe23684e7963d538896c63ac77-refs/branch-heads/4844@{#875}) on port 11816
Only local connections are allowed.
Please see https://chromedriver.chromium.org/security-considerations for suggestions on keeping ChromeDriver safe.
ChromeDriver was started successfully.
abr. 04, 2022 11:35:46 A. M. org.openqa.selenium.remote.ProtocolHandshake createSession
INFO: Detected dialect: W3C
[Test worker] ERROR net.thucydides.core.steps.ConsoleLoggingListener - 
           __  _____ _____ ____ _____   _____ _    ___ _     _____ ____  
  _       / / |_   _| ____/ ___|_   _| |  ___/ \  |_ _| |   | ____|  _ \ 
 (_)_____| |    | | |  _| \___ \ | |   | |_ / _ \  | || |   |  _| | | | |
  _|_____| |    | | | |___ ___) || |   |  _/ ___ \ | || |___| |___| |_| |
 (_)     | |    |_| |_____|____/ |_|   |_|/_/   \_\___|_____|_____|____/ 
          \_\                                                            

TEST FAILED WITH ERROR: Consultar facturas del cliente
---------------------------------------------------------------------
[Test worker] ERROR net.thucydides.core.steps.ConsoleLoggingListener - TEST FAILED AT STEP Ver datos cliente
[Test worker] ERROR net.thucydides.core.steps.ConsoleLoggingListener - no such element: Unable to locate element: {"method":"css selector","selector":"#mat\-tab\-label\-0\-2"}
]]></system-err>
</testsuite>
